-------------------------------------------------------------------------------
Test set: lukan.paymentforecast.Model.TestCurrentUser
-------------------------------------------------------------------------------
Tests run: 4, Failures: 1, Errors: 3, Skipped: 0, Time elapsed: 0.031 s <<< FAILURE! -- in lukan.paymentforecast.Model.TestCurrentUser
lukan.paymentforecast.Model.TestCurrentUser.TestSetCurrentUser -- Time elapsed: 0.016 s <<< FAILURE!
org.opentest4j.AssertionFailedError: expected: <130.0> but was: <120.0>
	at org.junit.jupiter.api.AssertionFailureBuilder.build(AssertionFailureBuilder.java:151)
	at org.junit.jupiter.api.AssertionFailureBuilder.buildAndThrow(AssertionFailureBuilder.java:132)
	at org.junit.jupiter.api.AssertEquals.failNotEqual(AssertEquals.java:197)
	at org.junit.jupiter.api.AssertEquals.assertEquals(AssertEquals.java:182)
	at org.junit.jupiter.api.AssertEquals.assertEquals(AssertEquals.java:177)
	at org.junit.jupiter.api.Assertions.assertEquals(Assertions.java:919)
	at lukan.paymentforecast.Model.TestCurrentUser.TestSetCurrentUser(TestCurrentUser.java:74)
	at java.base/java.lang.reflect.Method.invoke(Method.java:580)
	at java.base/java.util.ArrayList.forEach(ArrayList.java:1596)
	at java.base/java.util.ArrayList.forEach(ArrayList.java:1596)

lukan.paymentforecast.Model.TestCurrentUser.TestSetCurrentUserCreatesNewFile -- Time elapsed: 0 s <<< ERROR!
java.lang.NullPointerException: Cannot read field "name" because "response" is null
	at lukan.paymentforecast.Model.TestCurrentUser.TestSetCurrentUserCreatesNewFile(TestCurrentUser.java:98)
	at java.base/java.lang.reflect.Method.invoke(Method.java:580)
	at java.base/java.util.ArrayList.forEach(ArrayList.java:1596)
	at java.base/java.util.ArrayList.forEach(ArrayList.java:1596)

lukan.paymentforecast.Model.TestCurrentUser.TestSetCurrentUserOverwritesFileContent -- Time elapsed: 0.015 s <<< ERROR!
java.lang.NullPointerException: Cannot read field "name" because "response" is null
	at lukan.paymentforecast.Model.TestCurrentUser.TestSetCurrentUserOverwritesFileContent(TestCurrentUser.java:130)
	at java.base/java.lang.reflect.Method.invoke(Method.java:580)
	at java.base/java.util.ArrayList.forEach(ArrayList.java:1596)
	at java.base/java.util.ArrayList.forEach(ArrayList.java:1596)

lukan.paymentforecast.Model.TestCurrentUser.TestGetCurrentUser -- Time elapsed: 0 s <<< ERROR!
java.lang.NullPointerException: Cannot read field "name" because "response" is null
	at lukan.paymentforecast.Model.TestCurrentUser.TestGetCurrentUser(TestCurrentUser.java:43)
	at java.base/java.lang.reflect.Method.invoke(Method.java:580)
	at java.base/java.util.ArrayList.forEach(ArrayList.java:1596)
	at java.base/java.util.ArrayList.forEach(ArrayList.java:1596)

