<?xml version="1.0" encoding="UTF-8"?>
<testsuite xmlns:xsi="http://www.w3.org/2001/XMLSchema-instance" xsi:noNamespaceSchemaLocation="https://maven.apache.org/surefire/maven-surefire-plugin/xsd/surefire-test-report.xsd" name="lukan.paymentforecast.TestsWorkDay" time="0.009" tests="12" errors="0" skipped="0" failures="0">
  <properties>
[...]
</properties>
  <testcase name="SaturdatWithBreakAndSupplement" classname="lukan.paymentforecast.TestsWorkDay" time="0"/>
  <testcase name="WeekDayWithoutBreakAndNightSupplementEarlyHours" classname="lukan.paymentforecast.TestsWorkDay" time="0"/>
  <testcase name="SaturdayWithoutBreakAndSupplement" classname="lukan.paymentforecast.TestsWorkDay" time="0"/>
  <testcase name="WeekDayWithoutBreakAndEveningSupplement" classname="lukan.paymentforecast.TestsWorkDay" time="0"/>
  <testcase name="WeekDayWithBreakAndNoSupplement" classname="lukan.paymentforecast.TestsWorkDay" time="0"/>
  <testcase name="SundayWithoutBreakAndSupplement" classname="lukan.paymentforecast.TestsWorkDay" time="0.001"/>
  <testcase name="SaturdayWithBreakAndSupplement" classname="lukan.paymentforecast.TestsWorkDay" time="0"/>
  <testcase name="WeekDayWithBreakAndNightSupplementLateHours" classname="lukan.paymentforecast.TestsWorkDay" time="0"/>
  <testcase name="SundayWithBreakAndSupplement" classname="lukan.paymentforecast.TestsWorkDay" time="0"/>
  <testcase name="WeekDayWithBreakAndEveningSupplement" classname="lukan.paymentforecast.TestsWorkDay" time="0.004"/>
  <testcase name="WeekDayWithBreakAndNightSupplementEarlyHours" classname="lukan.paymentforecast.TestsWorkDay" time="0.001"/>
  <testcase name="WeekDayWithoutBreakAndNightSupplementLateHours" classname="lukan.paymentforecast.TestsWorkDay" time="0"/>
</testsuite>