<?xml version="1.0" encoding="UTF-8"?>
<testsuite xmlns:xsi="http://www.w3.org/2001/XMLSchema-instance" xsi:noNamespaceSchemaLocation="https://maven.apache.org/surefire/maven-surefire-plugin/xsd/surefire-test-report-3.0.xsd" version="3.0" name="lukan.paymentforecast.TestsWorkDay" time="0.072" tests="40" errors="0" skipped="0" failures="0">
  <properties>
[...]
</properties>
  <testcase name="WeekDayWithBreakWithNightSupplementEarlyHours" classname="lukan.paymentforecast.TestsWorkDay" time="0.007"/>
  <testcase name="WeekDayWithBreakNightAndSenioritySupplementEarlyHours" classname="lukan.paymentforecast.TestsWorkDay" time="0.001"/>
  <testcase name="WeekDayWithoutBreakWithEveningSupplement" classname="lukan.paymentforecast.TestsWorkDay" time="0.0"/>
  <testcase name="WeekDayWithBreakEveningAndSenioritySupplement" classname="lukan.paymentforecast.TestsWorkDay" time="0.0"/>
  <testcase name="SaturdayWithoutBreakWithSundayAndSenioritySupplement" classname="lukan.paymentforecast.TestsWorkDay" time="0.001"/>
  <testcase name="HolidayDayWithoutBreakWithHolidayAndSenioritySupplement" classname="lukan.paymentforecast.TestsWorkDay" time="0.001"/>
  <testcase name="WeekDayWithoutBreakWithEveningAndSenioritySupplement" classname="lukan.paymentforecast.TestsWorkDay" time="0.003"/>
  <testcase name="WeekDayWithBreakNightAndSenioritySupplementLateHours" classname="lukan.paymentforecast.TestsWorkDay" time="0.002"/>
  <testcase name="SaturdayWithBreakSaturdayAndBonusSupplement" classname="lukan.paymentforecast.TestsWorkDay" time="0.001"/>
  <testcase name="WeekdayWithBreakSeniorityAndBonusSupplement" classname="lukan.paymentforecast.TestsWorkDay" time="0.001"/>
  <testcase name="WeekdayWithoutBreakWithBonusSupplement" classname="lukan.paymentforecast.TestsWorkDay" time="0.002"/>
  <testcase name="HolidayWithoutBreakWithHolidayAndExtraordinarySupplement" classname="lukan.paymentforecast.TestsWorkDay" time="0.001"/>
  <testcase name="HolidayWithoutBreakWithHolidayAndBonusSupplement" classname="lukan.paymentforecast.TestsWorkDay" time="0.001"/>
  <testcase name="WeekDayWithBreakAndNoSupplement" classname="lukan.paymentforecast.TestsWorkDay" time="0.001"/>
  <testcase name="WeekDayWithoutBreakWithNightAndSenioritySupplementEarlyHours" classname="lukan.paymentforecast.TestsWorkDay" time="0.001"/>
  <testcase name="WeekdayWithBreakAndBonusSupplement" classname="lukan.paymentforecast.TestsWorkDay" time="0.002"/>
  <testcase name="WeekDayWithoutBreakWithNightSupplementEarlyHours" classname="lukan.paymentforecast.TestsWorkDay" time="0.001"/>
  <testcase name="SaturdayWithoutBreakWithSaturdayAndExtraordinarySupplement" classname="lukan.paymentforecast.TestsWorkDay" time="0.002"/>
  <testcase name="WeekDayWithoutBreakWithNightSupplementLateHours" classname="lukan.paymentforecast.TestsWorkDay" time="0.001"/>
  <testcase name="SaturdayWithBreakAndSupplement" classname="lukan.paymentforecast.TestsWorkDay" time="0.001"/>
  <testcase name="SundayWithoutBreakWithSupplement" classname="lukan.paymentforecast.TestsWorkDay" time="0.002"/>
  <testcase name="WeekDayWithoutBreakWithSenioritySupplement" classname="lukan.paymentforecast.TestsWorkDay" time="0.001"/>
  <testcase name="SaturdayWithBreakAndSenioritySupplement" classname="lukan.paymentforecast.TestsWorkDay" time="0.0"/>
  <testcase name="SundayWithBreakSundayAndSenioritySupplementLateHours" classname="lukan.paymentforecast.TestsWorkDay" time="0.001"/>
  <testcase name="SundayWithBreakAndSupplement" classname="lukan.paymentforecast.TestsWorkDay" time="0.001"/>
  <testcase name="SaturdayWithoutBreakWithSupplement" classname="lukan.paymentforecast.TestsWorkDay" time="0.001"/>
  <testcase name="WeekDayWithoutBreakAndSupplement" classname="lukan.paymentforecast.TestsWorkDay" time="0.001"/>
  <testcase name="SundayWithoutBreakWithSundayAndSenioritySupplement" classname="lukan.paymentforecast.TestsWorkDay" time="0.001"/>
  <testcase name="WeekDayWithBreakAndEveningSupplement" classname="lukan.paymentforecast.TestsWorkDay" time="0.001"/>
  <testcase name="HoliayWithoutBreakWithHolidaySupplement" classname="lukan.paymentforecast.TestsWorkDay" time="0.001"/>
  <testcase name="WeekDayWithBreakAndSenioritySupplement" classname="lukan.paymentforecast.TestsWorkDay" time="0.001"/>
  <testcase name="WeekdayWithBreakWithExtraodinarySupplement" classname="lukan.paymentforecast.TestsWorkDay" time="0.001"/>
  <testcase name="SaturdayWithBreakSupplement" classname="lukan.paymentforecast.TestsWorkDay" time="0.001"/>
  <testcase name="WeekDayWithoutBreakWithBonusAndExtraordinarySupplement" classname="lukan.paymentforecast.TestsWorkDay" time="0.002"/>
  <testcase name="SundayWithBreakSundayAndSenioritySupplement" classname="lukan.paymentforecast.TestsWorkDay" time="0.001"/>
  <testcase name="WeekdayWithoutBreakWithExtraodinarySupplement" classname="lukan.paymentforecast.TestsWorkDay" time="0.001"/>
  <testcase name="SundayWithoutBreakWithSundayAndExtraordinarySupplement" classname="lukan.paymentforecast.TestsWorkDay" time="0.002"/>
  <testcase name="WeekDayWithoutBreakWithNightAndSenioritySupplementLateHours" classname="lukan.paymentforecast.TestsWorkDay" time="0.001"/>
  <testcase name="WeekDayWithBreakWithNightSupplementLateHours" classname="lukan.paymentforecast.TestsWorkDay" time="0.001"/>
  <testcase name="SundayWithBreakSundayAndBonusSupplement" classname="lukan.paymentforecast.TestsWorkDay" time="0.001"/>
</testsuite>